#
# A fatal error has been detected by the Java Runtime Environment:
#
#  EXCEPTION_ACCESS_VIOLATION (0xc0000005) at pc=0x0000000025611066, pid=10760, tid=0x0000000000003bc0
#
# JRE version: Java(TM) SE Runtime Environment (8.0_202-b08) (build 1.8.0_202-b08)
# Java VM: Java HotSpot(TM) 64-Bit Server VM (25.202-b08 mixed mode windows-amd64 compressed oops)
# Problematic frame:
# C  [OpenAL64.dll+0x11066]
#
# Failed to write core dump. Minidumps are not enabled by default on client versions of Windows
#
# If you would like to submit a bug report, please visit:
#   http://bugreport.java.com/bugreport/crash.jsp
# The crash happened outside the Java Virtual Machine in native code.
# See problematic frame for where to report the bug.
#

---------------  T H R E A D  ---------------

Current thread (0x0000000002fc6000):  JavaThread "main" [_thread_in_native, id=15296, stack(0x0000000002eb0000,0x0000000002fb0000)]

siginfo: ExceptionCode=0xc0000005, reading address 0x0000000024813004

Registers:
RAX=0x0000000000000004, RBX=0x0000000025b90090, RCX=0x0000000024813008, RDX=0x0000000024813004
RSP=0x0000000002facb40, RBP=0x00000000000000ff, RSI=0x0000000024807edc, RDI=0x0000000000000000
R8 =0x0000000000002c4a, R9 =0x0000000024807edc, R10=0x00000000030d8c3b, R11=0x000000006c33cf20
R12=0x0000000000000001, R13=0x00000000252ac800, R14=0x0000000002facce0, R15=0x0000000002fc6000
RIP=0x0000000025611066, EFLAGS=0x0000000000010202

Top of Stack: (sp=0x0000000002facb40)
0x0000000002facb40:   0000000000000000 00000000212a78d0
0x0000000002facb50:   0000000002fb7ac0 0000000002fc6000
0x0000000002facb60:   00000000252ac800 0000000000000000
0x0000000002facb70:   0000000002fc6000 0000000002fb7ac0
0x0000000002facb80:   00000000252ac800 0000000002facce0
0x0000000002facb90:   0000000002fb8af0 000000006c1cc576
0x0000000002facba0:   0000000002fad478 0000000002fbea40
0x0000000002facbb0:   0000000002fc6000 0000000002facce0
0x0000000002facbc0:   00000000252ac800 0000000000000000
0x0000000002facbd0:   0000000024807edc 0000000000000248
0x0000000002facbe0:   0000000002facca8 000000002561248f
0x0000000002facbf0:   0000000025b90090 0000000025b90090
0x0000000002facc00:   000000000000ac44 0000000000000004
0x0000000002facc10:   00000000030c7e70 00000000030d8c67
0x0000000002facc20:   00000000252ac800 00000000030c7e70
0x0000000002facc30:   00000000030c7e70 00000000030d89ab 

Instructions: (pc=0x0000000025611066)
0x0000000025611046:   41 2b ec 81 3a 03 00 02 00 75 09 8b 01 89 84 24
0x0000000025611056:   c8 00 00 00 49 83 c0 02 48 83 c1 08 4a 8d 14 86
0x0000000025611066:   39 3a 75 af 4c 8d 84 24 c0 00 00 00 48 8d 15 d7
0x0000000025611076:   2b 03 00 33 c9 e8 58 5f 00 00 b8 40 1f 00 00 4c 


Register to memory mapping:

RAX=0x0000000000000004 is an unknown value
RBX=0x0000000025b90090 is an unknown value
RCX=0x0000000024813008 is an unknown value
RDX=0x0000000024813004 is an unknown value
RSP=0x0000000002facb40 is pointing into the stack for thread: 0x0000000002fc6000
RBP=0x00000000000000ff is an unknown value
RSI=0x0000000024807edc is an unknown value
RDI=0x0000000000000000 is an unknown value
R8 =0x0000000000002c4a is an unknown value
R9 =0x0000000024807edc is an unknown value
R10=0x00000000030d8c3b is at code_begin+891 in an Interpreter codelet
method entry point (kind = native)  [0x00000000030d88c0, 0x00000000030d9280]  2496 bytes
R11=0x000000006c33cf20 is an unknown value
R12=0x0000000000000001 is an unknown value
R13={method} {0x00000000252ac808} 'nalcCreateContext' '(JJ)J' in 'org/lwjgl/openal/ALC10'
R14=0x0000000002facce0 is pointing into the stack for thread: 0x0000000002fc6000
R15=0x0000000002fc6000 is a thread


Stack: [0x0000000002eb0000,0x0000000002fb0000],  sp=0x0000000002facb40,  free space=1010k
Native frames: (J=compiled Java code, j=interpreted, Vv=VM code, C=native code)
C  [OpenAL64.dll+0x11066]
C  [OpenAL64.dll+0x1248f]
C  0x00000000030d8c67

Java frames: (J=compiled Java code, j=interpreted, Vv=VM code)
j  org.lwjgl.openal.ALC10.nalcCreateContext(JJ)J+0
j  org.lwjgl.openal.ALC10.alcCreateContext(Lorg/lwjgl/openal/ALCdevice;Ljava/nio/IntBuffer;)Lorg/lwjgl/openal/ALCcontext;+8
j  org.lwjgl.openal.AL.init(Ljava/lang/String;IIZZ)V+69
j  org.lwjgl.openal.AL.create(Ljava/lang/String;IIZZ)V+246
j  org.lwjgl.openal.AL.create(Ljava/lang/String;IIZ)V+5
j  org.lwjgl.openal.AL.create()V+6
j  com.badlogic.gdx.backends.lwjgl.audio.OpenALAudio.<init>(III)V+114
j  com.badlogic.gdx.backends.lwjgl.LwjglApplication.<init>(Lcom/badlogic/gdx/ApplicationListener;Lcom/badlogic/gdx/backends/lwjgl/LwjglApplicationConfiguration;Lcom/badlogic/gdx/backends/lwjgl/LwjglGraphics;)V+120
j  com.badlogic.gdx.backends.lwjgl.LwjglApplication.<init>(Lcom/badlogic/gdx/ApplicationListener;Lcom/badlogic/gdx/backends/lwjgl/LwjglApplicationConfiguration;)V+11
j  org.uqbar.project.wollok.game.gameboard.WollokGDXApplication.<init>(Lorg/uqbar/project/wollok/game/gameboard/Gameboard;Ljava/lang/Boolean;)V+17
j  org.uqbar.project.wollok.game.helpers.Application.start(Lorg/uqbar/project/wollok/game/gameboard/Gameboard;Ljava/lang/Boolean;)V+5
j  org.uqbar.project.wollok.game.gameboard.Gameboard.start(Ljava/lang/Boolean;)V+13
j  wollok.game.GameObject.doStart(Ljava/lang/Boolean;)V+12
v  ~StubRoutines::call_stub
J 3210  sun.reflect.NativeMethodAccessorImpl.invoke0(Ljava/lang/reflect/Method;Ljava/lang/Object;[Ljava/lang/Object;)Ljava/lang/Object; (0 bytes) @ 0x0000000003aefe3f [0x0000000003aefdc0+0x7f]
J 3209 C1 sun.reflect.NativeMethodAccessorImpl.invoke(Ljava/lang/Object;[Ljava/lang/Object;)Ljava/lang/Object; (104 bytes) @ 0x0000000003af467c [0x0000000003af3480+0x11fc]
J 2729 C1 sun.reflect.DelegatingMethodAccessorImpl.invoke(Ljava/lang/Object;[Ljava/lang/Object;)Ljava/lang/Object; (10 bytes) @ 0x00000000039a9c0c [0x00000000039a9b00+0x10c]
J 2728 C1 java.lang.reflect.Method.invoke(Ljava/lang/Object;[Ljava/lang/Object;)Ljava/lang/Object; (62 bytes) @ 0x00000000039aa3f4 [0x00000000039aa000+0x3f4]
j  org.uqbar.project.wollok.ui.utils.XTendUtilExtensions.invokeConvertingArgs(Ljava/lang/reflect/Method;Ljava/lang/Object;[Ljava/lang/Object;)Lorg/uqbar/project/wollok/interpreter/core/WollokObject;+261
j  org.uqbar.project.wollok.interpreter.AbstractWollokCallable._invokeNative(Ljava/lang/Object;Ljava/lang/String;[Lorg/uqbar/project/wollok/interpreter/core/WollokObject;)Lorg/uqbar/project/wollok/interpreter/core/WollokObject;+41
j  org.uqbar.project.wollok.interpreter.AbstractWollokCallable.invokeNative(Ljava/lang/Object;Ljava/lang/String;[Lorg/uqbar/project/wollok/interpreter/core/WollokObject;)Lorg/uqbar/project/wollok/interpreter/core/WollokObject;+26
j  org.uqbar.project.wollok.interpreter.AbstractWollokCallable$1.apply()Lorg/uqbar/project/wollok/interpreter/core/WollokObject;+55
j  org.uqbar.project.wollok.interpreter.AbstractWollokCallable$1.apply()Ljava/lang/Object;+1
j  org.uqbar.project.wollok.interpreter.threads.WThread.performOnStack(Lorg/eclipse/emf/ecore/EObject;Lorg/uqbar/project/wollok/interpreter/context/EvaluationContext;Lorg/eclipse/xtext/xbase/lib/Functions$Function0;)Lorg/uqbar/project/wollok/interpreter/core/WollokObject;+29
j  org.uqbar.project.wollok.interpreter.WollokInterpreter.performOnStack(Lorg/eclipse/emf/ecore/EObject;Lorg/uqbar/project/wollok/interpreter/context/EvaluationContext;Lorg/eclipse/xtext/xbase/lib/Functions$Function0;)Lorg/uqbar/project/wollok/interpreter/core/WollokObject;+7
j  org.uqbar.project.wollok.interpreter.AbstractWollokCallable.call(Lorg/uqbar/project/wollok/wollokDsl/WMethodDeclaration;[Lorg/uqbar/project/wollok/interpreter/core/WollokObject;)Lorg/uqbar/project/wollok/interpreter/core/WollokObject;+38
j  org.uqbar.project.wollok.interpreter.core.WollokObject.call(Ljava/lang/String;[Lorg/uqbar/project/wollok/interpreter/core/WollokObject;)Lorg/uqbar/project/wollok/interpreter/core/WollokObject;+55
j  org.uqbar.project.wollok.interpreter.WollokInterpreterEvaluator._evaluate(Lorg/uqbar/project/wollok/wollokDsl/WFeatureCall;)Lorg/uqbar/project/wollok/interpreter/core/WollokObject;+119
j  org.uqbar.project.wollok.launch.WollokLauncherInterpreterEvaluator.evaluate(Lorg/eclipse/emf/ecore/EObject;)Lorg/uqbar/project/wollok/interpreter/core/WollokObject;+412
j  org.uqbar.project.wollok.interpreter.WollokInterpreterEvaluator.evaluate(Lorg/eclipse/emf/ecore/EObject;)Ljava/lang/Object;+2
j  org.uqbar.project.wollok.interpreter.WollokInterpreter.eval(Lorg/eclipse/emf/ecore/EObject;)Lorg/uqbar/project/wollok/interpreter/core/WollokObject;+63
j  org.uqbar.project.wollok.interpreter.WollokInterpreterEvaluator.eval(Lorg/eclipse/emf/ecore/EObject;)Lorg/uqbar/project/wollok/interpreter/core/WollokObject;+5
j  org.uqbar.project.wollok.interpreter.WollokInterpreterEvaluator$1.apply(Lorg/uqbar/project/wollok/interpreter/core/WollokObject;Lorg/eclipse/emf/ecore/EObject;)Lorg/uqbar/project/wollok/interpreter/core/WollokObject;+5
j  org.uqbar.project.wollok.interpreter.WollokInterpreterEvaluator$1.apply(Ljava/lang/Object;Ljava/lang/Object;)Ljava/lang/Object;+9
j  org.eclipse.xtext.xbase.lib.IteratorExtensions.fold(Ljava/util/Iterator;Ljava/lang/Object;Lorg/eclipse/xtext/xbase/lib/Functions$Function2;)Ljava/lang/Object;+19
j  org.eclipse.xtext.xbase.lib.IterableExtensions.fold(Ljava/lang/Iterable;Ljava/lang/Object;Lorg/eclipse/xtext/xbase/lib/Functions$Function2;)Ljava/lang/Object;+8
j  org.uqbar.project.wollok.interpreter.WollokInterpreterEvaluator.evalAll(Ljava/lang/Iterable;)Lorg/uqbar/project/wollok/interpreter/core/WollokObject;+12
j  org.uqbar.project.wollok.interpreter.WollokInterpreterEvaluator._evaluate(Lorg/uqbar/project/wollok/wollokDsl/WBlockExpression;)Lorg/uqbar/project/wollok/interpreter/core/WollokObject;+34
j  org.uqbar.project.wollok.launch.WollokLauncherInterpreterEvaluator.evaluate(Lorg/eclipse/emf/ecore/EObject;)Lorg/uqbar/project/wollok/interpreter/core/WollokObject;+76
j  org.uqbar.project.wollok.interpreter.WollokInterpreterEvaluator.evaluate(Lorg/eclipse/emf/ecore/EObject;)Ljava/lang/Object;+2
j  org.uqbar.project.wollok.interpreter.WollokInterpreter.eval(Lorg/eclipse/emf/ecore/EObject;)Lorg/uqbar/project/wollok/interpreter/core/WollokObject;+63
j  org.uqbar.project.wollok.interpreter.AbstractWollokCallable.eval(Lorg/eclipse/emf/ecore/EObject;)Lorg/uqbar/project/wollok/interpreter/core/WollokObject;+5
j  org.uqbar.project.wollok.interpreter.AbstractWollokCallable$1.apply()Lorg/uqbar/project/wollok/interpreter/core/WollokObject;+110
j  org.uqbar.project.wollok.interpreter.AbstractWollokCallable$1.apply()Ljava/lang/Object;+1
j  org.uqbar.project.wollok.interpreter.threads.WThread.performOnStack(Lorg/eclipse/emf/ecore/EObject;Lorg/uqbar/project/wollok/interpreter/context/EvaluationContext;Lorg/eclipse/xtext/xbase/lib/Functions$Function0;)Lorg/uqbar/project/wollok/interpreter/core/WollokObject;+29
j  org.uqbar.project.wollok.interpreter.WollokInterpreter.performOnStack(Lorg/eclipse/emf/ecore/EObject;Lorg/uqbar/project/wollok/interpreter/context/EvaluationContext;Lorg/eclipse/xtext/xbase/lib/Functions$Function0;)Lorg/uqbar/project/wollok/interpreter/core/WollokObject;+7
j  org.uqbar.project.wollok.interpreter.AbstractWollokCallable.call(Lorg/uqbar/project/wollok/wollokDsl/WMethodDeclaration;[Lorg/uqbar/project/wollok/interpreter/core/WollokObject;)Lorg/uqbar/project/wollok/interpreter/core/WollokObject;+38
j  org.uqbar.project.wollok.interpreter.core.WollokObject.call(Ljava/lang/String;[Lorg/uqbar/project/wollok/interpreter/core/WollokObject;)Lorg/uqbar/project/wollok/interpreter/core/WollokObject;+55
j  org.uqbar.project.wollok.interpreter.WollokInterpreterEvaluator._evaluate(Lorg/uqbar/project/wollok/wollokDsl/WFeatureCall;)Lorg/uqbar/project/wollok/interpreter/core/WollokObject;+119
j  org.uqbar.project.wollok.launch.WollokLauncherInterpreterEvaluator.evaluate(Lorg/eclipse/emf/ecore/EObject;)Lorg/uqbar/project/wollok/interpreter/core/WollokObject;+412
j  org.uqbar.project.wollok.interpreter.WollokInterpreterEvaluator.evaluate(Lorg/eclipse/emf/ecore/EObject;)Ljava/lang/Object;+2
j  org.uqbar.project.wollok.interpreter.WollokInterpreter.eval(Lorg/eclipse/emf/ecore/EObject;)Lorg/uqbar/project/wollok/interpreter/core/WollokObject;+63
j  org.uqbar.project.wollok.interpreter.WollokInterpreterEvaluator.eval(Lorg/eclipse/emf/ecore/EObject;)Lorg/uqbar/project/wollok/interpreter/core/WollokObject;+5
j  org.uqbar.project.wollok.interpreter.WollokInterpreterEvaluator$1.apply(Lorg/uqbar/project/wollok/interpreter/core/WollokObject;Lorg/eclipse/emf/ecore/EObject;)Lorg/uqbar/project/wollok/interpreter/core/WollokObject;+5
j  org.uqbar.project.wollok.interpreter.WollokInterpreterEvaluator$1.apply(Ljava/lang/Object;Ljava/lang/Object;)Ljava/lang/Object;+9
j  org.eclipse.xtext.xbase.lib.IteratorExtensions.fold(Ljava/util/Iterator;Ljava/lang/Object;Lorg/eclipse/xtext/xbase/lib/Functions$Function2;)Ljava/lang/Object;+19
j  org.eclipse.xtext.xbase.lib.IterableExtensions.fold(Ljava/lang/Iterable;Ljava/lang/Object;Lorg/eclipse/xtext/xbase/lib/Functions$Function2;)Ljava/lang/Object;+8
j  org.uqbar.project.wollok.interpreter.WollokInterpreterEvaluator.evalAll(Ljava/lang/Iterable;)Lorg/uqbar/project/wollok/interpreter/core/WollokObject;+12
j  org.uqbar.project.wollok.interpreter.WollokInterpreterEvaluator._evaluate(Lorg/uqbar/project/wollok/wollokDsl/WProgram;)Lorg/uqbar/project/wollok/interpreter/core/WollokObject;+18
j  org.uqbar.project.wollok.launch.WollokLauncherInterpreterEvaluator.evaluate(Lorg/eclipse/emf/ecore/EObject;)Lorg/uqbar/project/wollok/interpreter/core/WollokObject;+444
j  org.uqbar.project.wollok.interpreter.WollokInterpreterEvaluator.evaluate(Lorg/eclipse/emf/ecore/EObject;)Ljava/lang/Object;+2
j  org.uqbar.project.wollok.interpreter.WollokInterpreter.eval(Lorg/eclipse/emf/ecore/EObject;)Lorg/uqbar/project/wollok/interpreter/core/WollokObject;+63
j  org.uqbar.project.wollok.interpreter.WollokInterpreterEvaluator.eval(Lorg/eclipse/emf/ecore/EObject;)Lorg/uqbar/project/wollok/interpreter/core/WollokObject;+5
j  org.uqbar.project.wollok.launch.WollokLauncherInterpreterEvaluator._evaluate(Lorg/uqbar/project/wollok/wollokDsl/WFile;)Lorg/uqbar/project/wollok/interpreter/core/WollokObject;+32
j  org.uqbar.project.wollok.launch.WollokLauncherInterpreterEvaluator.evaluate(Lorg/eclipse/emf/ecore/EObject;)Lorg/uqbar/project/wollok/interpreter/core/WollokObject;+428
j  org.uqbar.project.wollok.interpreter.WollokInterpreterEvaluator.evaluate(Lorg/eclipse/emf/ecore/EObject;)Ljava/lang/Object;+2
j  org.uqbar.project.wollok.interpreter.WollokInterpreter.interpret(Lorg/eclipse/emf/ecore/EObject;Ljava/lang/Boolean;)Lorg/uqbar/project/wollok/interpreter/core/WollokObject;+25
j  org.uqbar.project.wollok.interpreter.WollokInterpreter.interpret(Lorg/eclipse/emf/ecore/EObject;)Lorg/uqbar/project/wollok/interpreter/core/WollokObject;+8
j  org.uqbar.project.wollok.launch.WollokLauncher.doSomething(Lorg/uqbar/project/wollok/wollokDsl/WFile;Lcom/google/inject/Injector;Ljava/io/File;Lorg/uqbar/project/wollok/launch/WollokLauncherParameters;)V+109
j  org.uqbar.project.wollok.launch.WollokChecker.launch(Ljava/lang/String;Lorg/uqbar/project/wollok/launch/WollokLauncherParameters;)V+31
j  org.uqbar.project.wollok.launch.WollokChecker.doMain([Ljava/lang/String;)V+205
j  org.uqbar.project.wollok.launch.WollokLauncher.main([Ljava/lang/String;)V+8
v  ~StubRoutines::call_stub

---------------  P R O C E S S  ---------------

Java Threads: ( => current thread )
  0x0000000022750000 JavaThread "com.google.inject.internal.util.$Finalizer" daemon [_thread_blocked, id=3172, stack(0x0000000023880000,0x0000000023980000)]
  0x00000000227c1000 JavaThread "EMF Reference Cleaner" daemon [_thread_blocked, id=744, stack(0x0000000023580000,0x0000000023680000)]
  0x0000000021066800 JavaThread "Service Thread" daemon [_thread_blocked, id=10256, stack(0x0000000021bb0000,0x0000000021cb0000)]
  0x0000000020fce800 JavaThread "C1 CompilerThread3" daemon [_thread_blocked, id=9560, stack(0x0000000021ab0000,0x0000000021bb0000)]
  0x0000000020fcd000 JavaThread "C2 CompilerThread2" daemon [_thread_blocked, id=11240, stack(0x00000000219b0000,0x0000000021ab0000)]
  0x0000000020fc5800 JavaThread "C2 CompilerThread1" daemon [_thread_blocked, id=16732, stack(0x00000000218b0000,0x00000000219b0000)]
  0x0000000020fbf800 JavaThread "C2 CompilerThread0" daemon [_thread_blocked, id=8540, stack(0x00000000217b0000,0x00000000218b0000)]
  0x0000000020fbd800 JavaThread "Attach Listener" daemon [_thread_blocked, id=12620, stack(0x00000000216b0000,0x00000000217b0000)]
  0x0000000020fbc800 JavaThread "Signal Dispatcher" daemon [_thread_blocked, id=14204, stack(0x00000000215b0000,0x00000000216b0000)]
  0x00000000030bd800 JavaThread "Finalizer" daemon [_thread_blocked, id=8280, stack(0x0000000021390000,0x0000000021490000)]
  0x00000000030bc000 JavaThread "Reference Handler" daemon [_thread_blocked, id=2584, stack(0x0000000020e90000,0x0000000020f90000)]
=>0x0000000002fc6000 JavaThread "main" [_thread_in_native, id=15296, stack(0x0000000002eb0000,0x0000000002fb0000)]

Other Threads:
  0x000000001f0b9800 VMThread [stack: 0x0000000020d90000,0x0000000020e90000] [id=2920]
  0x00000000210a0800 WatcherThread [stack: 0x0000000021cb0000,0x0000000021db0000] [id=10896]

VM state:not at safepoint (normal execution)

VM Mutex/Monitor currently owned by a thread: None

heap address: 0x0000000680c00000, size: 5108 MB, Compressed Oops mode: Zero based, Oop shift amount: 3
Narrow klass base: 0x0000000000000000, Narrow klass shift: 3
Compressed class space size: 1073741824 Address: 0x00000007c0000000

Heap:
 PSYoungGen      total 178176K, used 4871K [0x0000000755980000, 0x000000076b580000, 0x00000007c0000000)
  eden space 164864K, 2% used [0x0000000755980000,0x0000000755e41fb0,0x000000075fa80000)
  from space 13312K, 0% used [0x000000075fa80000,0x000000075fa80000,0x0000000760780000)
  to   space 13312K, 0% used [0x000000076a880000,0x000000076a880000,0x000000076b580000)
 ParOldGen       total 168960K, used 20624K [0x0000000680c00000, 0x000000068b100000, 0x0000000755980000)
  object space 168960K, 12% used [0x0000000680c00000,0x0000000682024338,0x000000068b100000)
 Metaspace       used 20925K, capacity 21266K, committed 21504K, reserved 1069056K
  class space    used 2694K, capacity 2767K, committed 2816K, reserved 1048576K

Card table byte_map: [0x0000000012480000,0x0000000012e80000] byte_map_base: 0x000000000f07a000

Marking Bits: (ParMarkBitMap*) 0x000000006c935ce0
 Begin Bits: [0x0000000013d30000, 0x0000000018d00000)
 End Bits:   [0x0000000018d00000, 0x000000001dcd0000)

Polling page: 0x0000000001490000

CodeCache: size=245760Kb used=10771Kb max_used=10783Kb free=234988Kb
 bounds [0x00000000030c0000, 0x0000000003b60000, 0x00000000120c0000]
 total_blobs=3716 nmethods=3275 adapters=351
 compilation: enabled

Compilation events (10 events):
Event: 2.232 Thread 0x0000000020fce800 nmethod 3274 0x0000000003b2e7d0 code [0x0000000003b2e960, 0x0000000003b2edf0]
Event: 2.232 Thread 0x0000000020fce800 3275       3       org.eclipse.emf.common.util.WeakInterningHashSet$Entry::doClear (10 bytes)
Event: 2.232 Thread 0x0000000020fce800 nmethod 3275 0x0000000003b2e410 code [0x0000000003b2e560, 0x0000000003b2e730]
Event: 2.232 Thread 0x0000000020fce800 3271       3       org.eclipse.emf.common.util.WeakInterningHashSet::removeEntry (41 bytes)
Event: 2.232 Thread 0x0000000020fce800 nmethod 3271 0x0000000003b2de50 code [0x0000000003b2dfc0, 0x0000000003b2e2c8]
Event: 2.232 Thread 0x0000000020fc5800 nmethod 3272 0x0000000003b2da90 code [0x0000000003b2dbe0, 0x0000000003b2dcf8]
Event: 2.232 Thread 0x0000000020fc5800 3273       4       java.util.concurrent.locks.ReentrantReadWriteLock$Sync::tryAcquire (92 bytes)
Event: 2.233 Thread 0x0000000020fc5800 nmethod 3273 0x0000000003b2d790 code [0x0000000003b2d8c0, 0x0000000003b2d9b8]
Event: 2.234 Thread 0x0000000020fbf800 nmethod 3268 0x0000000003b4cc50 code [0x0000000003b4cdc0, 0x0000000003b4d468]
Event: 2.235 Thread 0x0000000020fcd000 nmethod 3269 0x0000000003b4c2d0 code [0x0000000003b4c440, 0x0000000003b4ca68]

GC Heap History (8 events):
Event: 0.618 GC heap before
{Heap before GC invocations=1 (full 0):
 PSYoungGen      total 95744K, used 82432K [0x0000000755980000, 0x000000075c400000, 0x00000007c0000000)
  eden space 82432K, 100% used [0x0000000755980000,0x000000075aa00000,0x000000075aa00000)
  from space 13312K, 0% used [0x000000075b700000,0x000000075b700000,0x000000075c400000)
  to   space 13312K, 0% used [0x000000075aa00000,0x000000075aa00000,0x000000075b700000)
 ParOldGen       total 218624K, used 0K [0x0000000680c00000, 0x000000068e180000, 0x0000000755980000)
  object space 218624K, 0% used [0x0000000680c00000,0x0000000680c00000,0x000000068e180000)
 Metaspace       used 9076K, capacity 9224K, committed 9472K, reserved 1056768K
  class space    used 1113K, capacity 1172K, committed 1280K, reserved 1048576K
Event: 0.625 GC heap after
Heap after GC invocations=1 (full 0):
 PSYoungGen      total 95744K, used 13292K [0x0000000755980000, 0x0000000761480000, 0x00000007c0000000)
  eden space 82432K, 0% used [0x0000000755980000,0x0000000755980000,0x000000075aa00000)
  from space 13312K, 99% used [0x000000075aa00000,0x000000075b6fb0d0,0x000000075b700000)
  to   space 13312K, 0% used [0x0000000760780000,0x0000000760780000,0x0000000761480000)
 ParOldGen       total 218624K, used 2117K [0x0000000680c00000, 0x000000068e180000, 0x0000000755980000)
  object space 218624K, 0% used [0x0000000680c00000,0x0000000680e11730,0x000000068e180000)
 Metaspace       used 9076K, capacity 9224K, committed 9472K, reserved 1056768K
  class space    used 1113K, capacity 1172K, committed 1280K, reserved 1048576K
}
Event: 1.452 GC heap before
{Heap before GC invocations=2 (full 0):
 PSYoungGen      total 95744K, used 95724K [0x0000000755980000, 0x0000000761480000, 0x00000007c0000000)
  eden space 82432K, 100% used [0x0000000755980000,0x000000075aa00000,0x000000075aa00000)
  from space 13312K, 99% used [0x000000075aa00000,0x000000075b6fb0d0,0x000000075b700000)
  to   space 13312K, 0% used [0x0000000760780000,0x0000000760780000,0x0000000761480000)
 ParOldGen       total 218624K, used 2117K [0x0000000680c00000, 0x000000068e180000, 0x0000000755980000)
  object space 218624K, 0% used [0x0000000680c00000,0x0000000680e11730,0x000000068e180000)
 Metaspace       used 18447K, capacity 18656K, committed 18944K, reserved 1064960K
  class space    used 2435K, capacity 2510K, committed 2560K, reserved 1048576K
Event: 1.464 GC heap after
Heap after GC invocations=2 (full 0):
 PSYoungGen      total 178176K, used 13300K [0x0000000755980000, 0x0000000761480000, 0x00000007c0000000)
  eden space 164864K, 0% used [0x0000000755980000,0x0000000755980000,0x000000075fa80000)
  from space 13312K, 99% used [0x0000000760780000,0x000000076147d020,0x0000000761480000)
  to   space 13312K, 0% used [0x000000075fa80000,0x000000075fa80000,0x0000000760780000)
 ParOldGen       total 218624K, used 13794K [0x0000000680c00000, 0x000000068e180000, 0x0000000755980000)
  object space 218624K, 6% used [0x0000000680c00000,0x0000000681978808,0x000000068e180000)
 Metaspace       used 18447K, capacity 18656K, committed 18944K, reserved 1064960K
  class space    used 2435K, capacity 2510K, committed 2560K, reserved 1048576K
}
Event: 2.168 GC heap before
{Heap before GC invocations=3 (full 0):
 PSYoungGen      total 178176K, used 53132K [0x0000000755980000, 0x0000000761480000, 0x00000007c0000000)
  eden space 164864K, 24% used [0x0000000755980000,0x0000000758066340,0x000000075fa80000)
  from space 13312K, 99% used [0x0000000760780000,0x000000076147d020,0x0000000761480000)
  to   space 13312K, 0% used [0x000000075fa80000,0x000000075fa80000,0x0000000760780000)
 ParOldGen       total 218624K, used 13794K [0x0000000680c00000, 0x000000068e180000, 0x0000000755980000)
  object space 218624K, 6% used [0x0000000680c00000,0x0000000681978808,0x000000068e180000)
 Metaspace       used 20907K, capacity 21138K, committed 21248K, reserved 1067008K
  class space    used 2688K, capacity 2767K, committed 2816K, reserved 1048576K
Event: 2.179 GC heap after
Heap after GC invocations=3 (full 0):
 PSYoungGen      total 178176K, used 13296K [0x0000000755980000, 0x000000076b580000, 0x00000007c0000000)
  eden space 164864K, 0% used [0x0000000755980000,0x0000000755980000,0x000000075fa80000)
  from space 13312K, 99% used [0x000000075fa80000,0x000000076077c148,0x0000000760780000)
  to   space 13312K, 0% used [0x000000076a880000,0x000000076a880000,0x000000076b580000)
 ParOldGen       total 218624K, used 17007K [0x0000000680c00000, 0x000000068e180000, 0x0000000755980000)
  object space 218624K, 7% used [0x0000000680c00000,0x0000000681c9bff0,0x000000068e180000)
 Metaspace       used 20907K, capacity 21138K, committed 21248K, reserved 1067008K
  class space    used 2688K, capacity 2767K, committed 2816K, reserved 1048576K
}
Event: 2.179 GC heap before
{Heap before GC invocations=4 (full 1):
 PSYoungGen      total 178176K, used 13296K [0x0000000755980000, 0x000000076b580000, 0x00000007c0000000)
  eden space 164864K, 0% used [0x0000000755980000,0x0000000755980000,0x000000075fa80000)
  from space 13312K, 99% used [0x000000075fa80000,0x000000076077c148,0x0000000760780000)
  to   space 13312K, 0% used [0x000000076a880000,0x000000076a880000,0x000000076b580000)
 ParOldGen       total 218624K, used 17007K [0x0000000680c00000, 0x000000068e180000, 0x0000000755980000)
  object space 218624K, 7% used [0x0000000680c00000,0x0000000681c9bff0,0x000000068e180000)
 Metaspace       used 20907K, capacity 21138K, committed 21248K, reserved 1067008K
  class space    used 2688K, capacity 2767K, committed 2816K, reserved 1048576K
Event: 2.231 GC heap after
Heap after GC invocations=4 (full 1):
 PSYoungGen      total 178176K, used 0K [0x0000000755980000, 0x000000076b580000, 0x00000007c0000000)
  eden space 164864K, 0% used [0x0000000755980000,0x0000000755980000,0x000000075fa80000)
  from space 13312K, 0% used [0x000000075fa80000,0x000000075fa80000,0x0000000760780000)
  to   space 13312K, 0% used [0x000000076a880000,0x000000076a880000,0x000000076b580000)
 ParOldGen       total 168960K, used 20624K [0x0000000680c00000, 0x000000068b100000, 0x0000000755980000)
  object space 168960K, 12% used [0x0000000680c00000,0x0000000682024338,0x000000068b100000)
 Metaspace       used 20907K, capacity 21138K, committed 21248K, reserved 1067008K
  class space    used 2688K, capacity 2767K, committed 2816K, reserved 1048576K
}

Deoptimization events (10 events):
Event: 1.516 Thread 0x0000000002fc6000 Uncommon trap: reason=class_check action=maybe_recompile pc=0x00000000038026fc method=org.eclipse.xtext.nodemodel.impl.NodeModelBuilder.addChild(Lorg/eclipse/xtext/nodemodel/ICompositeNode;Lorg/eclipse/xtext/nodemodel/impl/AbstractNode;)V @ 6
Event: 1.527 Thread 0x0000000002fc6000 Uncommon trap: reason=class_check action=maybe_recompile pc=0x00000000037a1904 method=org.eclipse.xtext.nodemodel.impl.NodeModelBuilder.addChild(Lorg/eclipse/xtext/nodemodel/ICompositeNode;Lorg/eclipse/xtext/nodemodel/impl/AbstractNode;)V @ 6
Event: 1.581 Thread 0x0000000002fc6000 Uncommon trap: reason=bimorphic action=maybe_recompile pc=0x00000000037f5300 method=java.util.Arrays.hashCode([Ljava/lang/Object;)I @ 43
Event: 1.662 Thread 0x0000000002fc6000 Uncommon trap: reason=unstable_if action=reinterpret pc=0x00000000035e8ee4 method=java.util.concurrent.ConcurrentHashMap.putVal(Ljava/lang/Object;Ljava/lang/Object;Z)Ljava/lang/Object; @ 181
Event: 1.746 Thread 0x0000000002fc6000 Uncommon trap: reason=bimorphic action=maybe_recompile pc=0x000000000368008c method=java.util.HashMap.putVal(ILjava/lang/Object;Ljava/lang/Object;ZZ)Ljava/lang/Object; @ 203
Event: 1.748 Thread 0x0000000002fc6000 Uncommon trap: reason=bimorphic action=maybe_recompile pc=0x000000000368008c method=java.util.HashMap.putVal(ILjava/lang/Object;Ljava/lang/Object;ZZ)Ljava/lang/Object; @ 203
Event: 1.750 Thread 0x0000000002fc6000 Uncommon trap: reason=bimorphic action=maybe_recompile pc=0x000000000368008c method=java.util.HashMap.putVal(ILjava/lang/Object;Ljava/lang/Object;ZZ)Ljava/lang/Object; @ 203
Event: 1.755 Thread 0x0000000002fc6000 Uncommon trap: reason=bimorphic action=maybe_recompile pc=0x000000000368008c method=java.util.HashMap.putVal(ILjava/lang/Object;Ljava/lang/Object;ZZ)Ljava/lang/Object; @ 203
Event: 1.947 Thread 0x0000000002fc6000 Uncommon trap: reason=unstable_if action=reinterpret pc=0x0000000003a41ce8 method=java.io.WinNTFileSystem.normalize(Ljava/lang/String;)Ljava/lang/String; @ 49
Event: 1.954 Thread 0x0000000002fc6000 Uncommon trap: reason=unstable_if action=reinterpret pc=0x000000000328e058 method=sun.nio.cs.UTF_8$Encoder.encode([CII[B)I @ 33

Classes redefined (0 events):
No events

Internal exceptions (10 events):
Event: 1.524 Thread 0x0000000002fc6000 Exception <a 'java/io/FileNotFoundException'> (0x0000000755c62e48) thrown at [C:\re\workspace\8-2-build-windows-amd64-cygwin\jdk8u202\12323\hotspot\src\share\vm\prims\jni.cpp, line 710]
Event: 1.537 Thread 0x0000000002fc6000 Exception <a 'java/io/FileNotFoundException'> (0x000000075611a7f0) thrown at [C:\re\workspace\8-2-build-windows-amd64-cygwin\jdk8u202\12323\hotspot\src\share\vm\prims\jni.cpp, line 710]
Event: 1.766 Thread 0x0000000002fc6000 Exception <a 'java/lang/reflect/InvocationTargetException'> (0x0000000757248128) thrown at [C:\re\workspace\8-2-build-windows-amd64-cygwin\jdk8u202\12323\hotspot\src\share\vm\runtime\reflection.cpp, line 1092]
Event: 1.767 Thread 0x0000000002fc6000 Exception <a 'java/lang/reflect/InvocationTargetException'> (0x0000000757263850) thrown at [C:\re\workspace\8-2-build-windows-amd64-cygwin\jdk8u202\12323\hotspot\src\share\vm\runtime\reflection.cpp, line 1092]
Event: 2.163 Thread 0x0000000002fc6000 Exception <a 'java/security/PrivilegedActionException'> (0x0000000757ffbd40) thrown at [C:\re\workspace\8-2-build-windows-amd64-cygwin\jdk8u202\12323\hotspot\src\share\vm\prims\jvm.cpp, line 1502]
Event: 2.163 Thread 0x0000000002fc6000 Exception <a 'java/security/PrivilegedActionException'> (0x0000000757ffd270) thrown at [C:\re\workspace\8-2-build-windows-amd64-cygwin\jdk8u202\12323\hotspot\src\share\vm\prims\jvm.cpp, line 1502]
Event: 2.163 Thread 0x0000000002fc6000 Exception <a 'java/security/PrivilegedActionException'> (0x0000000757ffe6a0) thrown at [C:\re\workspace\8-2-build-windows-amd64-cygwin\jdk8u202\12323\hotspot\src\share\vm\prims\jvm.cpp, line 1502]
Event: 2.164 Thread 0x0000000002fc6000 Exception <a 'java/security/PrivilegedActionException'> (0x0000000757fffd60) thrown at [C:\re\workspace\8-2-build-windows-amd64-cygwin\jdk8u202\12323\hotspot\src\share\vm\prims\jvm.cpp, line 1502]
Event: 2.164 Thread 0x0000000002fc6000 Exception <a 'java/security/PrivilegedActionException'> (0x0000000758001158) thrown at [C:\re\workspace\8-2-build-windows-amd64-cygwin\jdk8u202\12323\hotspot\src\share\vm\prims\jvm.cpp, line 1502]
Event: 2.164 Thread 0x0000000002fc6000 Exception <a 'java/security/PrivilegedActionException'> (0x0000000758002520) thrown at [C:\re\workspace\8-2-build-windows-amd64-cygwin\jdk8u202\12323\hotspot\src\share\vm\prims\jvm.cpp, line 1502]

Events (10 events):
Event: 2.248 loading class org/lwjgl/openal/ALCdevice
Event: 2.248 loading class org/lwjgl/openal/ALCdevice done
Event: 2.248 loading class org/lwjgl/openal/ALCcontext
Event: 2.248 loading class org/lwjgl/openal/ALCcontext done
Event: 2.248 loading class java/nio/DirectIntBufferU
Event: 2.249 loading class java/nio/DirectIntBufferU done
Event: 2.249 loading class org/lwjgl/openal/Util
Event: 2.249 loading class org/lwjgl/openal/Util done
Event: 2.249 loading class org/lwjgl/openal/OpenALException
Event: 2.249 loading class org/lwjgl/openal/OpenALException done


Dynamic libraries:
0x00007ff6975b0000 - 0x00007ff6975e7000 	C:\Program Files\Java\jre1.8.0_202\bin\javaw.exe
0x00007ffd5e010000 - 0x00007ffd5e205000 	C:\WINDOWS\SYSTEM32\ntdll.dll
0x00007ffd5dbf0000 - 0x00007ffd5dcae000 	C:\WINDOWS\System32\KERNEL32.DLL
0x00007ffd5b910000 - 0x00007ffd5bbd8000 	C:\WINDOWS\System32\KERNELBASE.dll
0x00007ffd5c700000 - 0x00007ffd5c7ac000 	C:\WINDOWS\System32\ADVAPI32.dll
0x00007ffd5c4b0000 - 0x00007ffd5c54e000 	C:\WINDOWS\System32\msvcrt.dll
0x00007ffd5c180000 - 0x00007ffd5c21b000 	C:\WINDOWS\System32\sechost.dll
0x00007ffd5c7d0000 - 0x00007ffd5c8fa000 	C:\WINDOWS\System32\RPCRT4.dll
0x00007ffd5d050000 - 0x00007ffd5d1f1000 	C:\WINDOWS\System32\USER32.dll
0x00007ffd5b730000 - 0x00007ffd5b752000 	C:\WINDOWS\System32\win32u.dll
0x00007ffd5ded0000 - 0x00007ffd5defb000 	C:\WINDOWS\System32\GDI32.dll
0x00007ffd5b800000 - 0x00007ffd5b90b000 	C:\WINDOWS\System32\gdi32full.dll
0x00007ffd5b760000 - 0x00007ffd5b7fd000 	C:\WINDOWS\System32\msvcp_win.dll
0x00007ffd5bcc0000 - 0x00007ffd5bdc0000 	C:\WINDOWS\System32\ucrtbase.dll
0x00007ffd45380000 - 0x00007ffd4561a000 	C:\WINDOWS\WinSxS\amd64_microsoft.windows.common-controls_6595b64144ccf1df_6.0.19041.1110_none_60b5254171f9507e\COMCTL32.dll
0x00007ffd5c280000 - 0x00007ffd5c2b0000 	C:\WINDOWS\System32\IMM32.DLL
0x000000006bf50000 - 0x000000006c022000 	C:\Program Files\Java\jre1.8.0_202\bin\msvcr100.dll
0x000000006c110000 - 0x000000006c9b5000 	C:\Program Files\Java\jre1.8.0_202\bin\server\jvm.dll
0x00007ffd5d400000 - 0x00007ffd5d408000 	C:\WINDOWS\System32\PSAPI.DLL
0x00007ffd56950000 - 0x00007ffd56959000 	C:\WINDOWS\SYSTEM32\WSOCK32.dll
0x00007ffd4e8e0000 - 0x00007ffd4e907000 	C:\WINDOWS\SYSTEM32\WINMM.dll
0x00007ffd53860000 - 0x00007ffd5386a000 	C:\WINDOWS\SYSTEM32\VERSION.dll
0x00007ffd5d200000 - 0x00007ffd5d26b000 	C:\WINDOWS\System32\WS2_32.dll
0x00007ffd4d5d0000 - 0x00007ffd4d5df000 	C:\Program Files\Java\jre1.8.0_202\bin\verify.dll
0x00007ffd493d0000 - 0x00007ffd493f9000 	C:\Program Files\Java\jre1.8.0_202\bin\java.dll
0x00007ffd493b0000 - 0x00007ffd493c6000 	C:\Program Files\Java\jre1.8.0_202\bin\zip.dll
0x00007ffd5c910000 - 0x00007ffd5d04f000 	C:\WINDOWS\System32\SHELL32.dll
0x00007ffd59850000 - 0x00007ffd59fe0000 	C:\WINDOWS\SYSTEM32\windows.storage.dll
0x00007ffd5d410000 - 0x00007ffd5d765000 	C:\WINDOWS\System32\combase.dll
0x00007ffd5b180000 - 0x00007ffd5b1ae000 	C:\WINDOWS\SYSTEM32\Wldp.dll
0x00007ffd5dcb0000 - 0x00007ffd5dd5d000 	C:\WINDOWS\System32\SHCORE.dll
0x00007ffd5c220000 - 0x00007ffd5c275000 	C:\WINDOWS\System32\shlwapi.dll
0x00007ffd5b670000 - 0x00007ffd5b68f000 	C:\WINDOWS\SYSTEM32\profapi.dll
0x0000000065580000 - 0x0000000065616000 	C:\Users\siver\AppData\Local\Temp\libgdxsiver\12dfaa03\gdx64.dll
0x00007ffd5b0d0000 - 0x00007ffd5b0e8000 	C:\WINDOWS\SYSTEM32\CRYPTSP.dll
0x00007ffd5a790000 - 0x00007ffd5a7c4000 	C:\WINDOWS\system32\rsaenh.dll
0x00007ffd5bbe0000 - 0x00007ffd5bc07000 	C:\WINDOWS\System32\bcrypt.dll
0x00007ffd5b5f0000 - 0x00007ffd5b61e000 	C:\WINDOWS\SYSTEM32\USERENV.dll
0x00007ffd5bf20000 - 0x00007ffd5bfa3000 	C:\WINDOWS\System32\bcryptprimitives.dll
0x00007ffd5b0f0000 - 0x00007ffd5b0fc000 	C:\WINDOWS\SYSTEM32\CRYPTBASE.dll
0x00007ffd46c50000 - 0x00007ffd46c6a000 	C:\Program Files\Java\jre1.8.0_202\bin\net.dll
0x00007ffd48660000 - 0x00007ffd4884b000 	C:\WINDOWS\SYSTEM32\urlmon.dll
0x00007ffd48630000 - 0x00007ffd48658000 	C:\WINDOWS\SYSTEM32\srvcli.dll
0x00007ffd4b550000 - 0x00007ffd4b800000 	C:\WINDOWS\SYSTEM32\iertutil.dll
0x00007ffd5abc0000 - 0x00007ffd5abcc000 	C:\WINDOWS\SYSTEM32\netutils.dll
0x00007ffd5aee0000 - 0x00007ffd5af4a000 	C:\WINDOWS\system32\mswsock.dll
0x00007ffd5ab80000 - 0x00007ffd5abbb000 	C:\WINDOWS\SYSTEM32\IPHLPAPI.DLL
0x00007ffd5c2b0000 - 0x00007ffd5c2b8000 	C:\WINDOWS\System32\NSI.dll
0x00007ffd550e0000 - 0x00007ffd550f7000 	C:\WINDOWS\SYSTEM32\dhcpcsvc6.DLL
0x00007ffd55590000 - 0x00007ffd555ad000 	C:\WINDOWS\SYSTEM32\dhcpcsvc.DLL
0x00007ffd5abd0000 - 0x00007ffd5ac9b000 	C:\WINDOWS\SYSTEM32\DNSAPI.dll
0x00007ffd46c30000 - 0x00007ffd46c42000 	C:\Program Files\Java\jre1.8.0_202\bin\nio.dll
0x0000000180000000 - 0x0000000180053000 	C:\Users\siver\AppData\Local\Temp\libgdxsiver\dc0f0009\lwjgl64.dll
0x00007ffd467c0000 - 0x00007ffd468e5000 	C:\WINDOWS\SYSTEM32\OPENGL32.dll
0x00007ffd4d3f0000 - 0x00007ffd4d41c000 	C:\WINDOWS\SYSTEM32\GLU32.dll
0x0000000025600000 - 0x0000000025664000 	C:\Users\siver\AppData\Local\Temp\libgdxsiver\dc0f0009\OpenAL64.dll
0x00007ffd5d270000 - 0x00007ffd5d39a000 	C:\WINDOWS\System32\ole32.dll
0x00007ffd59570000 - 0x00007ffd59582000 	C:\WINDOWS\SYSTEM32\kernel.appcore.dll
0x00007ffd59170000 - 0x00007ffd5920e000 	C:\WINDOWS\system32\uxtheme.dll
0x00007ffd5c3a0000 - 0x00007ffd5c449000 	C:\WINDOWS\System32\clbcatq.dll
0x00007ffd49910000 - 0x00007ffd499ac000 	C:\WINDOWS\SYSTEM32\dsound.dll
0x00007ffd5acf0000 - 0x00007ffd5ad3b000 	C:\WINDOWS\SYSTEM32\powrprof.dll
0x00007ffd410c0000 - 0x00007ffd410e6000 	C:\WINDOWS\SYSTEM32\winmmbase.dll
0x00007ffd5ab60000 - 0x00007ffd5ab72000 	C:\WINDOWS\SYSTEM32\UMPDC.dll
0x00007ffd55120000 - 0x00007ffd551a5000 	C:\WINDOWS\System32\MMDevApi.dll
0x00007ffd5b4d0000 - 0x00007ffd5b504000 	C:\WINDOWS\System32\DEVOBJ.dll
0x00007ffd5bfb0000 - 0x00007ffd5bffe000 	C:\WINDOWS\System32\cfgmgr32.dll
0x00007ffd551b0000 - 0x00007ffd55331000 	C:\WINDOWS\SYSTEM32\AUDIOSES.DLL
0x00007ffd5df00000 - 0x00007ffd5dfcd000 	C:\WINDOWS\System32\OLEAUT32.dll
0x00007ffd474c0000 - 0x00007ffd476a4000 	C:\WINDOWS\SYSTEM32\dbghelp.dll

VM Arguments:
jvm_args: -Duser.language=es_AR -Dfile.encoding=UTF-8 
java_command: org.uqbar.project.wollok.launch.WollokLauncher -requestsPort 0 -eventsPort 0 -folder -dontValidate -coercingStrategy decimals -wf src/juego.wpgm -darkMode
java_class_path (initial): C:\Users\siver\OneDrive\UTN\Paradigmas de Programación\2021-o-tpi-juego-leonardodamichi_2-0\bin;C:\Users\siver\OneDrive\Escritorio\wollok\plugins\com.ibm.icu_64.2.0.v20190507-1337.jar;C:\Users\siver\OneDrive\Escritorio\wollok\plugins\org.eclipse.xtext_2.20.0.v20191202-0915.jar;C:\Users\siver\OneDrive\Escritorio\wollok\plugins\org.eclipse.emf.ecore.xmi_2.16.0.v20190528-0725.jar;C:\Users\siver\OneDrive\Escritorio\wollok\plugins\org.eclipse.emf.ecore_2.20.0.v20190920-0401.jar;C:\Users\siver\OneDrive\Escritorio\wollok\plugins\org.eclipse.emf.common_2.17.0.v20190920-0401.jar;C:\Users\siver\OneDrive\Escritorio\wollok\plugins\org.antlr.runtime_3.2.0.v201101311130.jar;C:\Users\siver\OneDrive\Escritorio\wollok\plugins\com.google.inject_3.0.0.v201605172100.jar;C:\Users\siver\OneDrive\Escritorio\wollok\plugins\org.eclipse.emf.mwe.core_1.5.1.v20191121-1148.jar;C:\Users\siver\OneDrive\Escritorio\wollok\plugins\org.apache.commons.cli_1.2.0.v201404270220.jar;C:\Users\siver\OneDrive\Escritorio\wollok\plugins\org.eclipse.emf.mwe2.runtime_2.11.1.v20191121-1148.jar;C:\Users\siver\OneDrive\Escritorio\wollok\plugins\org.eclipse.emf.mwe.utils_1.5.1.v20191121-1148.jar;C:\Users\siver\OneDrive\Escritorio\wollok\plugins\org.eclipse.xtext.util_2.20.0.v20191202-0915.jar;C:\Users\siver\OneDrive\Escritorio\wollok\plugins\com.google.guava_27.1.0.v20190517-1946.jar;C:\Users\siver\OneDrive\Escritorio\wollok\plugins\javax.inject_1.0.0.v20091030.jar;C:\Users\siver\OneDrive\Escritorio\wollok\plugins\org.eclipse.xtext.generator_2.20.0.v20191202-0933.jar;C:\Users\siver\OneDrive\Escritorio\wollok\plugins\org.eclipse.xtext.xtext.generator_2.20.0.v20191202-0915.jar;C:\Users\siver\OneDrive\Escritorio\wollok\plugins\org.eclipse.xtext.xbase.lib_2.20.0.v20191202-0907.jar;C:\Users\siver\OneDrive\Escritorio\wollok\plugins\org.eclipse.emf.codegen.ecore_2.20.0.v20191012-0918.jar;C:\Users\siver\OneDrive\Escritorio\wollok\plugins\org.eclipse.emf.codegen_2.19.0.v20190821-1536.jar;C:\Users
Launcher Type: SUN_STANDARD

Environment Variables:
JAVA_HOME=C:\Program Files\Java\jdk1.8.0_202
PATH=C:/Program Files/Java/jre1.8.0_202/bin/server;C:/Program Files/Java/jre1.8.0_202/bin;C:/Program Files/Java/jre1.8.0_202/lib/amd64;C:\Program Files (x86)\Common Files\Oracle\Java\javapath;C:\Program Files\Common Files\Oracle\Java\javapath;C:\Program Files\Eclipse Foundation\jdk-8.0.302.8-hotspot\bin;C:\WINDOWS\system32;C:\WINDOWS;C:\WINDOWS\System32\Wbem;C:\WINDOWS\System32\WindowsPowerShell\v1.0\;C:\WINDOWS\System32\OpenSSH\;C:\Program Files\Java\jdk1.8.0_202\bin;C:\Program Files\Git\cmd;C:\MinGW\bin;C:\Program Files\dotnet\;C:\Program Files\Java\apache-maven-3.8.3\bin;C:\Program Files\Java\jdk1.8.0_202\bin;C:\Program Files\Java\jre1.8.0_202\bin;C:\Program Files\Java\apache-maven-3.8.3\bin;C:\Program Files\nodejs\;C:\GnuWin32\bin;C:\Users\siver\AppData\Local\Microsoft\WindowsApps;;C:\Users\siver\AppData\Local\Programs\Microsoft VS Code\bin;C:\Users\siver\AppData\Roaming\npm;C:\Users\siver\OneDrive\Escritorio\wollok;
USERNAME=siver
OS=Windows_NT
PROCESSOR_IDENTIFIER=Intel64 Family 6 Model 60 Stepping 3, GenuineIntel



---------------  S Y S T E M  ---------------

OS: Windows 10.0 , 64 bit Build 19041 (10.0.19041.1348)

CPU:total 8 (initial active 8) (4 cores per cpu, 2 threads per core) family 6 model 60 stepping 3, cmov, cx8, fxsr, mmx, sse, sse2, sse3, ssse3, sse4.1, sse4.2, popcnt, avx, avx2, aes, clmul, erms, lzcnt, ht, tsc, tscinvbit, bmi1, bmi2

Memory: 4k page, physical 20918980k(13944172k free), swap 24064708k(12959336k free)

vm_info: Java HotSpot(TM) 64-Bit Server VM (25.202-b08) for windows-amd64 JRE (1.8.0_202-b08), built on Dec 15 2018 19:54:30 by "java_re" with MS VC++ 10.0 (VS2010)

time: Thu Nov 18 09:42:39 2021
timezone: Hora estándar de Argentina
elapsed time: 2 seconds (0d 0h 0m 2s)

